  Image.cpp
C:\opencv\build\include\opencv2/core/mat.hpp(1965): warning C4819: 该文件包含不能在当前代码页(936)中表示的字符。请将该文件保存为 Unicode 格式以防止数据丢失
C:\opencv\build\include\opencv2/core/persistence.hpp : warning C4819: 该文件包含不能在当前代码页(936)中表示的字符。请将该文件保存为 Unicode 格式以防止数据丢失
C:\opencv\build\include\opencv2/core/utility.hpp : warning C4819: 该文件包含不能在当前代码页(936)中表示的字符。请将该文件保存为 Unicode 格式以防止数据丢失
C:\opencv\build\include\opencv2/core/utility.hpp : warning C4819: 该文件包含不能在当前代码页(936)中表示的字符。请将该文件保存为 Unicode 格式以防止数据丢失
Image.cpp(38): warning C4244: “初始化”: 从“double”转换到“int”，可能丢失数据
Image.cpp(39): warning C4244: “初始化”: 从“double”转换到“int”，可能丢失数据
Image.cpp(42): warning C4244: “初始化”: 从“double”转换到“int”，可能丢失数据
Image.cpp(43): warning C4244: “初始化”: 从“double”转换到“int”，可能丢失数据
Image.cpp(57): warning C4244: “=”: 从“double”转换到“uchar”，可能丢失数据
Image.cpp(98): warning C4244: “参数”: 从“double”转换到“float”，可能丢失数据
Image.cpp(124): warning C4244: “初始化”: 从“int”转换到“float”，可能丢失数据
Image.cpp(142): warning C4244: “=”: 从“double”转换到“int”，可能丢失数据
Image.cpp(147): warning C4244: “=”: 从“double”转换到“int”，可能丢失数据
  源.cpp
C:\opencv\build\include\opencv2/core/mat.hpp(1965): warning C4819: 该文件包含不能在当前代码页(936)中表示的字符。请将该文件保存为 Unicode 格式以防止数据丢失
C:\opencv\build\include\opencv2/core/persistence.hpp : warning C4819: 该文件包含不能在当前代码页(936)中表示的字符。请将该文件保存为 Unicode 格式以防止数据丢失
C:\opencv\build\include\opencv2/core/utility.hpp : warning C4819: 该文件包含不能在当前代码页(936)中表示的字符。请将该文件保存为 Unicode 格式以防止数据丢失
C:\opencv\build\include\opencv2/core/utility.hpp : warning C4819: 该文件包含不能在当前代码页(936)中表示的字符。请将该文件保存为 Unicode 格式以防止数据丢失
  正在生成代码
  All 231 functions were compiled because no usable IPDB/IOBJ from previous compilation was found.
  已完成代码的生成
  算法突击.vcxproj -> C:\Users\wcw\Desktop\算法突击\x64\Release\算法突击.exe
  算法突击.vcxproj -> C:\Users\wcw\Desktop\算法突击\x64\Release\算法突击.pdb (Full PDB)
